# JRE version: OpenJDK Runtime Environment Temurin-17.0.13+11 (17.0.13+11) (build 17.0.13+11)
# Java VM: OpenJDK 64-Bit Server VM Temurin-17.0.13+11 (17.0.13+11, mixed mode, tiered, compressed oops, compressed class ptrs, parallel gc, windows-amd64)
GC Precious Log:
 CPUs: 12 total, 12 available
 Memory: 7514M
 Large Page Support: Disabled
 NUMA Support: Disabled
 Compressed Oops: Enabled (32-bit)
 Alignments: Space 512K, Generation 512K, Heap 2M
 Heap Min Capacity: 100M
 Heap Initial Capacity: 100M
 Heap Max Capacity: 1G
 Pre-touch: Disabled
 Parallel Workers: 10
Heap:
 PSYoungGen      total 3072K, used 2368K [0x00000000eab00000, 0x00000000eae80000, 0x0000000100000000)
  eden space 2048K, 100% used [0x00000000eab00000,0x00000000ead00000,0x00000000ead00000)
  from space 1024K, 31% used [0x00000000ead00000,0x00000000ead50000,0x00000000eae00000)
  to   space 512K, 0% used [0x00000000eae00000,0x00000000eae00000,0x00000000eae80000)
 ParOldGen       total 85504K, used 74505K [0x00000000c0000000, 0x00000000c5380000, 0x00000000eab00000)
  object space 85504K, 87% used [0x00000000c0000000,0x00000000c48c2570,0x00000000c5380000)
 Metaspace       used 85297K, committed 86656K, reserved 1179648K
  class space    used 8690K, committed 9280K, reserved 1048576K
GC Heap History (20 events):
Event: 511.715 GC heap before
{Heap before GC invocations=878 (full 32):
 PSYoungGen      total 3584K, used 3344K [0x00000000eab00000, 0x00000000eb000000, 0x0000000100000000)
  eden space 2048K, 100% used [0x00000000eab00000,0x00000000ead00000,0x00000000ead00000)
  from space 1536K, 84% used [0x00000000ead00000,0x00000000eae44050,0x00000000eae80000)
  to   space 1536K, 0% used [0x00000000eae80000,0x00000000eae80000,0x00000000eb000000)
 ParOldGen       total 85504K, used 71384K [0x00000000c0000000, 0x00000000c5380000, 0x00000000eab00000)
  object space 85504K, 83% used [0x00000000c0000000,0x00000000c45b61d0,0x00000000c5380000)
 Metaspace       used 85198K, committed 86528K, reserved 1179648K
  class space    used 8686K, committed 9280K, reserved 1048576K
}
Event: 511.717 GC heap after
{Heap after GC invocations=878 (full 32):
 PSYoungGen      total 3584K, used 1056K [0x00000000eab00000, 0x00000000eb000000, 0x0000000100000000)
  eden space 2048K, 0% used [0x00000000eab00000,0x00000000eab00000,0x00000000ead00000)
  from space 1536K, 68% used [0x00000000eae80000,0x00000000eaf88060,0x00000000eb000000)
  to   space 1536K, 0% used [0x00000000ead00000,0x00000000ead00000,0x00000000eae80000)
 ParOldGen       total 85504K, used 71821K [0x00000000c0000000, 0x00000000c5380000, 0x00000000eab00000)
  object space 85504K, 83% used [0x00000000c0000000,0x00000000c46236b0,0x00000000c5380000)
 Metaspace       used 85198K, committed 86528K, reserved 1179648K
  class space    used 8686K, committed 9280K, reserved 1048576K
}
Event: 511.725 GC heap before
{Heap before GC invocations=879 (full 32):
 PSYoungGen      total 3584K, used 3104K [0x00000000eab00000, 0x00000000eb000000, 0x0000000100000000)
  eden space 2048K, 100% used [0x00000000eab00000,0x00000000ead00000,0x00000000ead00000)
  from space 1536K, 68% used [0x00000000eae80000,0x00000000eaf88060,0x00000000eb000000)
  to   space 1536K, 0% used [0x00000000ead00000,0x00000000ead00000,0x00000000eae80000)
 ParOldGen       total 85504K, used 71821K [0x00000000c0000000, 0x00000000c5380000, 0x00000000eab00000)
  object space 85504K, 83% used [0x00000000c0000000,0x00000000c46236b0,0x00000000c5380000)
 Metaspace       used 85198K, committed 86528K, reserved 1179648K
  class space    used 8686K, committed 9280K, reserved 1048576K
}
Event: 511.727 GC heap after
{Heap after GC invocations=879 (full 32):
 PSYoungGen      total 3072K, used 800K [0x00000000eab00000, 0x00000000eaf00000, 0x0000000100000000)
  eden space 2048K, 0% used [0x00000000eab00000,0x00000000eab00000,0x00000000ead00000)
  from space 1024K, 78% used [0x00000000ead00000,0x00000000eadc8020,0x00000000eae00000)
  to   space 1024K, 0% used [0x00000000eae00000,0x00000000eae00000,0x00000000eaf00000)
 ParOldGen       total 85504K, used 72349K [0x00000000c0000000, 0x00000000c5380000, 0x00000000eab00000)
  object space 85504K, 84% used [0x00000000c0000000,0x00000000c46a7700,0x00000000c5380000)
 Metaspace       used 85198K, committed 86528K, reserved 1179648K
  class space    used 8686K, committed 9280K, reserved 1048576K
}
Event: 517.643 GC heap before
{Heap before GC invocations=880 (full 32):
 PSYoungGen      total 3072K, used 2848K [0x00000000eab00000, 0x00000000eaf00000, 0x0000000100000000)
  eden space 2048K, 100% used [0x00000000eab00000,0x00000000ead00000,0x00000000ead00000)
  from space 1024K, 78% used [0x00000000ead00000,0x00000000eadc8020,0x00000000eae00000)
  to   space 1024K, 0% used [0x00000000eae00000,0x00000000eae00000,0x00000000eaf00000)
 ParOldGen       total 85504K, used 72349K [0x00000000c0000000, 0x00000000c5380000, 0x00000000eab00000)
  object space 85504K, 84% used [0x00000000c0000000,0x00000000c46a7700,0x00000000c5380000)
 Metaspace       used 85203K, committed 86528K, reserved 1179648K
  class space    used 8686K, committed 9280K, reserved 1048576K
}
Event: 517.646 GC heap after
{Heap after GC invocations=880 (full 32):
 PSYoungGen      total 3072K, used 320K [0x00000000eab00000, 0x00000000eaf00000, 0x0000000100000000)
  eden space 2048K, 0% used [0x00000000eab00000,0x00000000eab00000,0x00000000ead00000)
  from space 1024K, 31% used [0x00000000eae00000,0x00000000eae50000,0x00000000eaf00000)
  to   space 1024K, 0% used [0x00000000ead00000,0x00000000ead00000,0x00000000eae00000)
 ParOldGen       total 85504K, used 72723K [0x00000000c0000000, 0x00000000c5380000, 0x00000000eab00000)
  object space 85504K, 85% used [0x00000000c0000000,0x00000000c4704ea0,0x00000000c5380000)
 Metaspace       used 85203K, committed 86528K, reserved 1179648K
  class space    used 8686K, committed 9280K, reserved 1048576K
}
Event: 518.183 GC heap before
{Heap before GC invocations=881 (full 32):
 PSYoungGen      total 3072K, used 2367K [0x00000000eab00000, 0x00000000eaf00000, 0x0000000100000000)
  eden space 2048K, 99% used [0x00000000eab00000,0x00000000eacfffe8,0x00000000ead00000)
  from space 1024K, 31% used [0x00000000eae00000,0x00000000eae50000,0x00000000eaf00000)
  to   space 1024K, 0% used [0x00000000ead00000,0x00000000ead00000,0x00000000eae00000)
 ParOldGen       total 85504K, used 72723K [0x00000000c0000000, 0x00000000c5380000, 0x00000000eab00000)
  object space 85504K, 85% used [0x00000000c0000000,0x00000000c4704ea0,0x00000000c5380000)
 Metaspace       used 85209K, committed 86528K, reserved 1179648K
  class space    used 8686K, committed 9280K, reserved 1048576K
}
Event: 518.184 GC heap after
{Heap after GC invocations=881 (full 32):
 PSYoungGen      total 3072K, used 256K [0x00000000eab00000, 0x00000000eae80000, 0x0000000100000000)
  eden space 2048K, 0% used [0x00000000eab00000,0x00000000eab00000,0x00000000ead00000)
  from space 1024K, 25% used [0x00000000ead00000,0x00000000ead40000,0x00000000eae00000)
  to   space 512K, 0% used [0x00000000eae00000,0x00000000eae00000,0x00000000eae80000)
 ParOldGen       total 85504K, used 72787K [0x00000000c0000000, 0x00000000c5380000, 0x00000000eab00000)
  object space 85504K, 85% used [0x00000000c0000000,0x00000000c4714ea0,0x00000000c5380000)
 Metaspace       used 85209K, committed 86528K, reserved 1179648K
  class space    used 8686K, committed 9280K, reserved 1048576K
}
Event: 518.200 GC heap before
{Heap before GC invocations=882 (full 32):
 PSYoungGen      total 3072K, used 2304K [0x00000000eab00000, 0x00000000eae80000, 0x0000000100000000)
  eden space 2048K, 100% used [0x00000000eab00000,0x00000000ead00000,0x00000000ead00000)
  from space 1024K, 25% used [0x00000000ead00000,0x00000000ead40000,0x00000000eae00000)
  to   space 512K, 0% used [0x00000000eae00000,0x00000000eae00000,0x00000000eae80000)
 ParOldGen       total 85504K, used 72787K [0x00000000c0000000, 0x00000000c5380000, 0x00000000eab00000)
  object space 85504K, 85% used [0x00000000c0000000,0x00000000c4714ea0,0x00000000c5380000)
 Metaspace       used 85224K, committed 86528K, reserved 1179648K
  class space    used 8686K, committed 9280K, reserved 1048576K
}
Event: 518.201 GC heap after
{Heap after GC invocations=882 (full 32):
 PSYoungGen      total 2560K, used 500K [0x00000000eab00000, 0x00000000eaf00000, 0x0000000100000000)
  eden space 2048K, 0% used [0x00000000eab00000,0x00000000eab00000,0x00000000ead00000)
  from space 512K, 97% used [0x00000000eae00000,0x00000000eae7d220,0x00000000eae80000)
  to   space 1024K, 0% used [0x00000000ead00000,0x00000000ead00000,0x00000000eae00000)
 ParOldGen       total 85504K, used 72851K [0x00000000c0000000, 0x00000000c5380000, 0x00000000eab00000)
  object space 85504K, 85% used [0x00000000c0000000,0x00000000c4724ea0,0x00000000c5380000)
 Metaspace       used 85224K, committed 86528K, reserved 1179648K
  class space    used 8686K, committed 9280K, reserved 1048576K
}
Event: 518.218 GC heap before
{Heap before GC invocations=883 (full 32):
 PSYoungGen      total 2560K, used 2548K [0x00000000eab00000, 0x00000000eaf00000, 0x0000000100000000)
  eden space 2048K, 100% used [0x00000000eab00000,0x00000000ead00000,0x00000000ead00000)
  from space 512K, 97% used [0x00000000eae00000,0x00000000eae7d220,0x00000000eae80000)
  to   space 1024K, 0% used [0x00000000ead00000,0x00000000ead00000,0x00000000eae00000)
 ParOldGen       total 85504K, used 72851K [0x00000000c0000000, 0x00000000c5380000, 0x00000000eab00000)
  object space 85504K, 85% used [0x00000000c0000000,0x00000000c4724ea0,0x00000000c5380000)
 Metaspace       used 85227K, committed 86528K, reserved 1179648K
  class space    used 8686K, committed 9280K, reserved 1048576K
}
Event: 518.220 GC heap after
{Heap after GC invocations=883 (full 32):
 PSYoungGen      total 3072K, used 612K [0x00000000eab00000, 0x00000000eaf00000, 0x0000000100000000)
  eden space 2048K, 0% used [0x00000000eab00000,0x00000000eab00000,0x00000000ead00000)
  from space 1024K, 59% used [0x00000000ead00000,0x00000000ead99230,0x00000000eae00000)
  to   space 1024K, 0% used [0x00000000eae00000,0x00000000eae00000,0x00000000eaf00000)
 ParOldGen       total 85504K, used 73160K [0x00000000c0000000, 0x00000000c5380000, 0x00000000eab00000)
  object space 85504K, 85% used [0x00000000c0000000,0x00000000c47720c0,0x00000000c5380000)
 Metaspace       used 85227K, committed 86528K, reserved 1179648K
  class space    used 8686K, committed 9280K, reserved 1048576K
}
Event: 518.234 GC heap before
{Heap before GC invocations=884 (full 32):
 PSYoungGen      total 3072K, used 2660K [0x00000000eab00000, 0x00000000eaf00000, 0x0000000100000000)
  eden space 2048K, 100% used [0x00000000eab00000,0x00000000ead00000,0x00000000ead00000)
  from space 1024K, 59% used [0x00000000ead00000,0x00000000ead99230,0x00000000eae00000)
  to   space 1024K, 0% used [0x00000000eae00000,0x00000000eae00000,0x00000000eaf00000)
 ParOldGen       total 85504K, used 73160K [0x00000000c0000000, 0x00000000c5380000, 0x00000000eab00000)
  object space 85504K, 85% used [0x00000000c0000000,0x00000000c47720c0,0x00000000c5380000)
 Metaspace       used 85230K, committed 86528K, reserved 1179648K
  class space    used 8686K, committed 9280K, reserved 1048576K
}
Event: 518.236 GC heap after
{Heap after GC invocations=884 (full 32):
 PSYoungGen      total 2560K, used 400K [0x00000000eab00000, 0x00000000eae80000, 0x0000000100000000)
  eden space 2048K, 0% used [0x00000000eab00000,0x00000000eab00000,0x00000000ead00000)
  from space 512K, 78% used [0x00000000eae00000,0x00000000eae64010,0x00000000eae80000)
  to   space 512K, 0% used [0x00000000ead80000,0x00000000ead80000,0x00000000eae00000)
 ParOldGen       total 85504K, used 73584K [0x00000000c0000000, 0x00000000c5380000, 0x00000000eab00000)
  object space 85504K, 86% used [0x00000000c0000000,0x00000000c47dc308,0x00000000c5380000)
 Metaspace       used 85230K, committed 86528K, reserved 1179648K
  class space    used 8686K, committed 9280K, reserved 1048576K
}
Event: 518.316 GC heap before
{Heap before GC invocations=885 (full 32):
 PSYoungGen      total 2560K, used 2448K [0x00000000eab00000, 0x00000000eae80000, 0x0000000100000000)
  eden space 2048K, 100% used [0x00000000eab00000,0x00000000ead00000,0x00000000ead00000)
  from space 512K, 78% used [0x00000000eae00000,0x00000000eae64010,0x00000000eae80000)
  to   space 512K, 0% used [0x00000000ead80000,0x00000000ead80000,0x00000000eae00000)
 ParOldGen       total 85504K, used 73584K [0x00000000c0000000, 0x00000000c5380000, 0x00000000eab00000)
  object space 85504K, 86% used [0x00000000c0000000,0x00000000c47dc308,0x00000000c5380000)
 Metaspace       used 85292K, committed 86656K, reserved 1179648K
  class space    used 8690K, committed 9280K, reserved 1048576K
}
Event: 518.317 GC heap after
{Heap after GC invocations=885 (full 32):
 PSYoungGen      total 2560K, used 500K [0x00000000eab00000, 0x00000000eaf00000, 0x0000000100000000)
  eden space 2048K, 0% used [0x00000000eab00000,0x00000000eab00000,0x00000000ead00000)
  from space 512K, 97% used [0x00000000ead80000,0x00000000eadfd220,0x00000000eae00000)
  to   space 1024K, 0% used [0x00000000eae00000,0x00000000eae00000,0x00000000eaf00000)
 ParOldGen       total 85504K, used 73840K [0x00000000c0000000, 0x00000000c5380000, 0x00000000eab00000)
  object space 85504K, 86% used [0x00000000c0000000,0x00000000c481c328,0x00000000c5380000)
 Metaspace       used 85292K, committed 86656K, reserved 1179648K
  class space    used 8690K, committed 9280K, reserved 1048576K
}
Event: 518.330 GC heap before
{Heap before GC invocations=886 (full 32):
 PSYoungGen      total 2560K, used 2548K [0x00000000eab00000, 0x00000000eaf00000, 0x0000000100000000)
  eden space 2048K, 100% used [0x00000000eab00000,0x00000000ead00000,0x00000000ead00000)
  from space 512K, 97% used [0x00000000ead80000,0x00000000eadfd220,0x00000000eae00000)
  to   space 1024K, 0% used [0x00000000eae00000,0x00000000eae00000,0x00000000eaf00000)
 ParOldGen       total 85504K, used 73840K [0x00000000c0000000, 0x00000000c5380000, 0x00000000eab00000)
  object space 85504K, 86% used [0x00000000c0000000,0x00000000c481c328,0x00000000c5380000)
 Metaspace       used 85292K, committed 86656K, reserved 1179648K
  class space    used 8690K, committed 9280K, reserved 1048576K
}
Event: 518.332 GC heap after
{Heap after GC invocations=886 (full 32):
 PSYoungGen      total 3072K, used 432K [0x00000000eab00000, 0x00000000eaf00000, 0x0000000100000000)
  eden space 2048K, 0% used [0x00000000eab00000,0x00000000eab00000,0x00000000ead00000)
  from space 1024K, 42% used [0x00000000eae00000,0x00000000eae6c010,0x00000000eaf00000)
  to   space 1024K, 0% used [0x00000000ead00000,0x00000000ead00000,0x00000000eae00000)
 ParOldGen       total 85504K, used 74257K [0x00000000c0000000, 0x00000000c5380000, 0x00000000eab00000)
  object space 85504K, 86% used [0x00000000c0000000,0x00000000c4884550,0x00000000c5380000)
 Metaspace       used 85292K, committed 86656K, reserved 1179648K
  class space    used 8690K, committed 9280K, reserved 1048576K
}
Event: 528.305 GC heap before
{Heap before GC invocations=887 (full 32):
 PSYoungGen      total 3072K, used 2480K [0x00000000eab00000, 0x00000000eaf00000, 0x0000000100000000)
  eden space 2048K, 100% used [0x00000000eab00000,0x00000000ead00000,0x00000000ead00000)
  from space 1024K, 42% used [0x00000000eae00000,0x00000000eae6c010,0x00000000eaf00000)
  to   space 1024K, 0% used [0x00000000ead00000,0x00000000ead00000,0x00000000eae00000)
 ParOldGen       total 85504K, used 74257K [0x00000000c0000000, 0x00000000c5380000, 0x00000000eab00000)
  object space 85504K, 86% used [0x00000000c0000000,0x00000000c4884550,0x00000000c5380000)
 Metaspace       used 85293K, committed 86656K, reserved 1179648K
  class space    used 8690K, committed 9280K, reserved 1048576K
}
Event: 528.307 GC heap after
{Heap after GC invocations=887 (full 32):
 PSYoungGen      total 3072K, used 320K [0x00000000eab00000, 0x00000000eae80000, 0x0000000100000000)
  eden space 2048K, 0% used [0x00000000eab00000,0x00000000eab00000,0x00000000ead00000)
  from space 1024K, 31% used [0x00000000ead00000,0x00000000ead50000,0x00000000eae00000)
  to   space 512K, 0% used [0x00000000eae00000,0x00000000eae00000,0x00000000eae80000)
 ParOldGen       total 85504K, used 74505K [0x00000000c0000000, 0x00000000c5380000, 0x00000000eab00000)
  object space 85504K, 87% used [0x00000000c0000000,0x00000000c48c2570,0x00000000c5380000)
 Metaspace       used 85293K, committed 86656K, reserved 1179648K
  class space    used 8690K, committed 9280K, reserved 1048576K
}

